<?xml version="1.0" encoding="UTF-8"?>
<!-- Generated by org.testng.reporters.JUnitReportReporter -->
<testsuite hostname="Alexs-MacBook-Pro.local" name="com.example.tests.AlsoGroupCreationTests" tests="2" failures="0" timestamp="19 Oct 2014 20:06:55 GMT" time="0.999" errors="0">
  <testcase name="testAddEmptyGroup" time="0.472" classname="com.example.tests.AlsoGroupCreationTests"/>
  <testcase name="testAddNonEmptyGroup" time="0.527" classname="com.example.tests.AlsoGroupCreationTests"/>
</testsuite> <!-- com.example.tests.AlsoGroupCreationTests -->
