<?xml version="1.0" encoding="UTF-8"?>
<!-- Generated by org.testng.reporters.JUnitReportReporter -->
<testsuite hostname="Alexs-MacBook-Pro.local" name="com.example.tests.GroupCreationTests" tests="2" failures="0" timestamp="11 Oct 2014 19:48:39 GMT" time="1.292" errors="0">
  <testcase name="testAddNonEmptyGroup" time="0.500" classname="com.example.tests.GroupCreationTests"/>
  <testcase name="testAddEmptyGroup" time="0.792" classname="com.example.tests.GroupCreationTests"/>
</testsuite> <!-- com.example.tests.GroupCreationTests -->
