<?xml version="1.0" encoding="UTF-8"?>
<!-- Generated by org.testng.reporters.JUnitReportReporter -->
<testsuite hostname="Alexs-MacBook-Pro.local" name="com.example.tests.AlsoGroupCreationTests" tests="2" failures="0" timestamp="11 Oct 2014 19:48:39 GMT" time="0.940" errors="0">
  <testcase name="testAddEmptyGroup" time="0.454" classname="com.example.tests.AlsoGroupCreationTests"/>
  <testcase name="testAddNonEmptyGroup" time="0.486" classname="com.example.tests.AlsoGroupCreationTests"/>
</testsuite> <!-- com.example.tests.AlsoGroupCreationTests -->
