<?xml version="1.0" encoding="UTF-8"?>
<!-- Generated by org.testng.reporters.JUnitReportReporter -->
<testsuite hostname="Alexs-MacBook-Pro.local" name="com.example.tests.GroupCreationTests" tests="2" failures="0" timestamp="28 Oct 2014 18:34:13 GMT" time="1.535" errors="0">
  <testcase name="testAddEmptyGroup" time="1.010" classname="com.example.tests.GroupCreationTests"/>
  <testcase name="testAddNonEmptyGroup" time="0.525" classname="com.example.tests.GroupCreationTests"/>
</testsuite> <!-- com.example.tests.GroupCreationTests -->
