<?xml version="1.0" encoding="UTF-8"?>
<!-- Generated by org.testng.reporters.JUnitReportReporter -->
<testsuite hostname="Alexs-MacBook-Pro.local" name="com.example.tests.AlsoGroupCreationTests" tests="2" failures="0" timestamp="19 Oct 2014 20:14:34 GMT" time="0.972" errors="0">
  <testcase name="testAddNonEmptyGroup" time="0.490" classname="com.example.tests.AlsoGroupCreationTests"/>
  <testcase name="testAddEmptyGroup" time="0.482" classname="com.example.tests.AlsoGroupCreationTests"/>
</testsuite> <!-- com.example.tests.AlsoGroupCreationTests -->
