<?xml version="1.0" encoding="UTF-8"?>
<!-- Generated by org.testng.reporters.JUnitReportReporter -->
<testsuite hostname="Alexs-MacBook-Pro.local" name="com.example.tests.GroupCreationTests" tests="2" failures="0" timestamp="19 Oct 2014 20:14:34 GMT" time="1.370" errors="0">
  <testcase name="testAddEmptyGroup" time="0.827" classname="com.example.tests.GroupCreationTests"/>
  <testcase name="testAddNonEmptyGroup" time="0.543" classname="com.example.tests.GroupCreationTests"/>
</testsuite> <!-- com.example.tests.GroupCreationTests -->
