<?xml version="1.0" encoding="UTF-8"?>
<!-- Generated by org.testng.reporters.JUnitReportReporter -->
<testsuite hostname="Alexs-MacBook-Pro.local" name="com.example.tests.GroupCreationTests" tests="2" failures="0" timestamp="27 Oct 2014 20:02:57 GMT" time="1.684" errors="0">
  <testcase name="testAddNonEmptyGroup" time="0.622" classname="com.example.tests.GroupCreationTests"/>
  <testcase name="testAddEmptyGroup" time="1.062" classname="com.example.tests.GroupCreationTests"/>
</testsuite> <!-- com.example.tests.GroupCreationTests -->
